executing config test SL
+ cd /Users/kexinying/moonlight-qt/config.tests/SL && /opt/homebrew/bin/qmake6  -spec /opt/homebrew/share/qt/mkspecs/macx-clang "CONFIG -= qt debug_and_release app_bundle lib_bundle" /Users/kexinying/moonlight-qt/config.tests/SL
> Project WARNING: Qt has only been tested with version 26 of the platform SDK, you're using 27.
> Project WARNING: This is an unsupported configuration. You may experience build issues, and by using
> Project WARNING: the 27.0 SDK you are opting in to new features that Qt has not been prepared for.
> Project WARNING: Please downgrade the SDK you use to build your app to version 26, or configure
> Project WARNING: with CONFIG+=sdk_no_version_check when running qmake to silence this warning.
+ cd /Users/kexinying/moonlight-qt/config.tests/SL && MAKEFLAGS= make
> /Applications/Xcode-beta.app/Contents/Developer/Toolchains/XcodeDefault.xctoolchain/usr/bin/clang++ -c -pipe -stdlib=libc++ -O2 -std=gnu++1z  -arch arm64 -isysroot /Applications/Xcode-beta.app/Contents/Developer/Platforms/MacOSX.platform/Developer/SDKs/MacOSX27.0.sdk -mmacosx-version-min=14.0 -Wall -Wextra  -I. -I/opt/homebrew/share/qt/mkspecs/macx-clang -o main.o main.cpp
> main.cpp:1:10: fatal error: 'SLVideo.h' file not found
>     1 | #include <SLVideo.h>
>       |          ^~~~~~~~~~~
> 1 error generated.
> make: *** [main.o] Error 1
test SL FAILED
executing config test EGL
+ cd /Users/kexinying/moonlight-qt/config.tests/EGL && /opt/homebrew/bin/qmake6  -spec /opt/homebrew/share/qt/mkspecs/macx-clang "CONFIG -= qt debug_and_release app_bundle lib_bundle" /Users/kexinying/moonlight-qt/config.tests/EGL
> Project WARNING: Qt has only been tested with version 26 of the platform SDK, you're using 27.
> Project WARNING: This is an unsupported configuration. You may experience build issues, and by using
> Project WARNING: the 27.0 SDK you are opting in to new features that Qt has not been prepared for.
> Project WARNING: Please downgrade the SDK you use to build your app to version 26, or configure
> Project WARNING: with CONFIG+=sdk_no_version_check when running qmake to silence this warning.
> Project ERROR: egl development package not found
test EGL FAILED
